[2016-12-30 10:40:26 CET] INFO  main RadarConfig:180 - RadarConfig values: 
	session.length.ms = 10000
	topic.list.in = []

[2016-12-30 10:40:26 CET] INFO  main KafkaMonitor:73 - Monitoring streams [android_empatica_e4_acceleration_output]
[2016-12-30 10:40:27 CET] INFO  main KafkaMonitor:81 - Received 4 records
[2016-12-30 10:40:27 CET] ERROR main E4AggregatedAccelerationMonitor:54 - Failed to process record ConsumerRecord(topic = android_empatica_e4_acceleration_output, partition = 0, offset = 0, CreateTime = 1483090250000, checksum = 767914304, serialized key size = 37, serialized value size = 241, key = {"userID": "UserID_0", "sourceID": "SourceID_0", "start": 1483090250000, "end": 1483090260000}, value = {"min": [15.0, -15.0, 64.0], "max": [15.0, 4.9E-324, 64.0], "sum": [2475.0, -2475.0, 10560.0], "count": [165.0, 165.0, 165.0], "avg": [15.0, -15.0, 64.0], "quartile": [[15.0, 15.0, 15.0], [-15.0, -15.0, -15.0], [64.0, 64.0, 64.0]], "iqr": [0.0, 0.0, 0.0]}) with wrong key type {"type":"record","name":"WindowedKey","namespace":"org.radarcns.key","doc":"Windowed key in the RADAR-CNS project","fields":[{"name":"userID","type":{"type":"string","avro.java.string":"String"}},{"name":"sourceID","type":{"type":"string","avro.java.string":"String"}},{"name":"start","type":"long"},{"name":"end","type":"long"}]}.
[2016-12-30 10:46:39 CET] INFO  main RadarConfig:180 - RadarConfig values: 
	session.length.ms = 10000
	topic.list.in = []

[2016-12-30 10:46:45 CET] INFO  main KafkaMonitor:73 - Monitoring streams [android_empatica_e4_acceleration_output]
[2016-12-30 10:47:42 CET] INFO  main RadarConfig:180 - RadarConfig values: 
	session.length.ms = 10000
	topic.list.in = []

[2016-12-30 10:47:42 CET] INFO  main KafkaMonitor:73 - Monitoring streams [android_empatica_e4_acceleration_output]
[2016-12-30 10:50:38 CET] INFO  main RadarConfig:180 - RadarConfig values: 
	session.length.ms = 10000
	topic.list.in = []

[2016-12-30 10:50:39 CET] INFO  main KafkaMonitor:73 - Monitoring streams [android_empatica_e4_acceleration_output]
[2016-12-30 10:52:19 CET] INFO  main KafkaMonitor:81 - Received 0 records
[2016-12-30 11:00:51 CET] INFO  main RadarBackend:31 - Loading configuration
[2016-12-30 11:01:47 CET] INFO  main RadarConfig:180 - RadarConfig values: 
	session.length.ms = 10000
	topic.list.in = []

[2016-12-30 11:01:47 CET] INFO  main KafkaMonitor:73 - Monitoring streams [android_empatica_e4_acceleration_output]
[2016-12-30 11:01:48 CET] INFO  main KafkaMonitor:81 - Received 4 records
[2016-12-30 11:02:16 CET] INFO  main RadarConfig:180 - RadarConfig values: 
	session.length.ms = 10000
	topic.list.in = []

[2016-12-30 11:02:16 CET] INFO  main KafkaMonitor:73 - Monitoring streams [android_empatica_e4_acceleration_output]
[2016-12-30 11:03:56 CET] INFO  main KafkaMonitor:81 - Received 0 records
[2016-12-30 12:12:51 CET] INFO  main RadarConfig:180 - RadarConfig values: 
	session.length.ms = 10000
	topic.list.in = []

[2016-12-30 12:12:52 CET] INFO  main KafkaMonitor:73 - Monitoring streams [android_empatica_e4_acceleration_output]
[2016-12-30 12:16:43 CET] INFO  main RadarBackend:31 - Loading configuration
[2016-12-30 12:21:56 CET] INFO  main RadarBackend:31 - Loading configuration
[2016-12-30 12:24:25 CET] INFO  main RadarBackend:31 - Loading configuration
[2016-12-30 12:27:53 CET] INFO  main RadarBackend:31 - Loading configuration
[2016-12-30 12:34:42 CET] INFO  main RadarBackend:31 - Loading configuration
[2016-12-30 13:55:55 CET] INFO  main RadarBackend:31 - Loading configuration
[2016-12-30 13:59:22 CET] INFO  main RadarBackend:31 - Loading configuration
[2016-12-30 14:00:46 CET] INFO  main RadarBackend:31 - Loading configuration
[2016-12-30 14:04:58 CET] INFO  main RadarBackend:31 - Loading configuration
[2016-12-30 14:10:53 CET] INFO  main RadarBackend:31 - Loading configuration
[2016-12-30 14:13:22 CET] INFO  main RadarBackend:31 - Loading configuration
[2016-12-30 14:15:52 CET] INFO  main RadarBackend:31 - Loading configuration
[2016-12-30 14:18:33 CET] INFO  main RadarBackend:31 - Loading configuration
[2016-12-30 14:23:08 CET] INFO  main RadarBackend:31 - Loading configuration
[2016-12-30 14:27:49 CET] INFO  main RadarBackend:31 - Loading configuration
[2016-12-30 14:43:44 CET] INFO  main RadarBackend:31 - Loading configuration
[2016-12-30 14:43:44 CET] INFO  main RadarBackend:39 - Configuration successfully updated
[2016-12-30 14:43:44 CET] INFO  main RadarBackend:40 - Settings{
  released=Sun Nov 27 01:00:00 CET 2016
  version='1.0'
  log_path='null'
  mode='standalone'
  zookeeper={
    radar-test.thehyve.net:2181
  }
  broker={
    radar-test.thehyve.net:9092
  }
  schema_registry={
    http://radar-test.thehyve.net:8081
  }
  auto_commit_interval_ms=1000
  session_timeout_ms=10000
  streams_priority={
    low=1 
    normal=2 
    high=4
  }
}
[2016-12-30 14:43:44 CET] INFO  main RadarBackend:68 - STARTING
[2016-12-30 14:43:44 CET] INFO  main MasterAggregator:47 - [Empatica E4] STANDALONE MODE
[2016-12-30 14:43:44 CET] INFO  main MasterAggregator:45 - If AUTO.CREATE.TOPICS.ENABLE is FALSE you must create the following topics before starting: 
  - android_empatica_e4_acceleration
  - android_empatica_e4_acceleration_output
  - android_empatica_e4_battery_level
  - android_empatica_e4_battery_level_output
  - android_empatica_e4_blood_volume_pulse
  - android_empatica_e4_blood_volume_pulse_output
  - android_empatica_e4_electrodermal_activity
  - android_empatica_e4_electrodermal_activity_output
  - android_empatica_e4_heartrate_output
  - android_empatica_e4_inter_beat_interval
  - android_empatica_e4_inter_beat_interval_output
  - android_empatica_e4_sensor_status
  - android_empatica_e4_sensor_status_output
  - android_empatica_e4_temperature
  - android_empatica_e4_temperature_output
[2016-12-30 14:43:46 CET] INFO  main MasterAggregator:62 - Creating MasterAggregator instance for Empatica E4
[2016-12-30 14:43:46 CET] INFO  main MasterAggregator:84 - Starting all streams for Empatica E4
[2016-12-30 14:43:46 CET] INFO  E4Acceleration MasterAggregator:105 - [Empatica E4] E4Acceleration is started. 1/7 streams are now running
[2016-12-30 14:43:46 CET] INFO  E4BatteryLevel MasterAggregator:105 - [Empatica E4] E4BatteryLevel is started. 2/7 streams are now running
[2016-12-30 14:43:46 CET] INFO  E4BloodVolumePulse MasterAggregator:105 - [Empatica E4] E4BloodVolumePulse is started. 3/7 streams are now running
[2016-12-30 14:43:46 CET] INFO  E4ElectroDermalActivity MasterAggregator:105 - [Empatica E4] E4ElectroDermalActivity is started. 4/7 streams are now running
[2016-12-30 14:43:46 CET] INFO  main RadarBackend:72 - STARTED
[2016-12-30 14:43:46 CET] INFO  E4InterBeatInterval MasterAggregator:105 - [Empatica E4] E4InterBeatInterval is started. 5/7 streams are now running
[2016-12-30 14:43:46 CET] INFO  E4HeartRate MasterAggregator:105 - [Empatica E4] E4HeartRate is started. 6/7 streams are now running
[2016-12-30 14:43:46 CET] INFO  E4Temperature MasterAggregator:105 - [Empatica E4] E4Temperature is started. 7/7 streams are now running
[2016-12-30 14:43:48 CET] ERROR StreamThread-5 ConsumerCoordinator:232 - User provided listener org.apache.kafka.streams.processor.internals.StreamThread$1 for group E4HeartRate failed on partition assignment
java.lang.IllegalStateException: task [0_0] Log end offset should not change while restoring
	at org.apache.kafka.streams.processor.internals.ProcessorStateManager.restoreActiveState(ProcessorStateManager.java:245)
	at org.apache.kafka.streams.processor.internals.ProcessorStateManager.register(ProcessorStateManager.java:198)
	at org.apache.kafka.streams.processor.internals.ProcessorContextImpl.register(ProcessorContextImpl.java:123)
	at org.apache.kafka.streams.state.internals.RocksDBWindowStore.init(RocksDBWindowStore.java:206)
	at org.apache.kafka.streams.state.internals.MeteredWindowStore.init(MeteredWindowStore.java:66)
	at org.apache.kafka.streams.state.internals.CachingWindowStore.init(CachingWindowStore.java:64)
	at org.apache.kafka.streams.processor.internals.AbstractTask.initializeStateStores(AbstractTask.java:81)
	at org.apache.kafka.streams.processor.internals.StreamTask.<init>(StreamTask.java:120)
	at org.apache.kafka.streams.processor.internals.StreamThread.createStreamTask(StreamThread.java:633)
	at org.apache.kafka.streams.processor.internals.StreamThread.addStreamTasks(StreamThread.java:660)
	at org.apache.kafka.streams.processor.internals.StreamThread.access$100(StreamThread.java:69)
	at org.apache.kafka.streams.processor.internals.StreamThread$1.onPartitionsAssigned(StreamThread.java:124)
	at org.apache.kafka.clients.consumer.internals.ConsumerCoordinator.onJoinComplete(ConsumerCoordinator.java:228)
	at org.apache.kafka.clients.consumer.internals.AbstractCoordinator.joinGroupIfNeeded(AbstractCoordinator.java:313)
	at org.apache.kafka.clients.consumer.internals.AbstractCoordinator.ensureActiveGroup(AbstractCoordinator.java:277)
	at org.apache.kafka.clients.consumer.internals.ConsumerCoordinator.poll(ConsumerCoordinator.java:259)
	at org.apache.kafka.clients.consumer.KafkaConsumer.pollOnce(KafkaConsumer.java:1013)
	at org.apache.kafka.clients.consumer.KafkaConsumer.poll(KafkaConsumer.java:979)
	at org.apache.kafka.streams.processor.internals.StreamThread.runLoop(StreamThread.java:407)
	at org.apache.kafka.streams.processor.internals.StreamThread.run(StreamThread.java:242)
[2016-12-30 14:43:49 CET] ERROR StreamThread-5 AggregatorWorker:103 - Thread StreamThread-5 has been terminated due to stream-thread [StreamThread-5] Failed to rebalance
org.apache.kafka.streams.errors.StreamsException: stream-thread [StreamThread-5] Failed to rebalance
	at org.apache.kafka.streams.processor.internals.StreamThread.runLoop(StreamThread.java:410)
	at org.apache.kafka.streams.processor.internals.StreamThread.run(StreamThread.java:242)
Caused by: java.lang.IllegalStateException: task [0_0] Log end offset should not change while restoring
	at org.apache.kafka.streams.processor.internals.ProcessorStateManager.restoreActiveState(ProcessorStateManager.java:245)
	at org.apache.kafka.streams.processor.internals.ProcessorStateManager.register(ProcessorStateManager.java:198)
	at org.apache.kafka.streams.processor.internals.ProcessorContextImpl.register(ProcessorContextImpl.java:123)
	at org.apache.kafka.streams.state.internals.RocksDBWindowStore.init(RocksDBWindowStore.java:206)
	at org.apache.kafka.streams.state.internals.MeteredWindowStore.init(MeteredWindowStore.java:66)
	at org.apache.kafka.streams.state.internals.CachingWindowStore.init(CachingWindowStore.java:64)
	at org.apache.kafka.streams.processor.internals.AbstractTask.initializeStateStores(AbstractTask.java:81)
	at org.apache.kafka.streams.processor.internals.StreamTask.<init>(StreamTask.java:120)
	at org.apache.kafka.streams.processor.internals.StreamThread.createStreamTask(StreamThread.java:633)
	at org.apache.kafka.streams.processor.internals.StreamThread.addStreamTasks(StreamThread.java:660)
	at org.apache.kafka.streams.processor.internals.StreamThread.access$100(StreamThread.java:69)
	at org.apache.kafka.streams.processor.internals.StreamThread$1.onPartitionsAssigned(StreamThread.java:124)
	at org.apache.kafka.clients.consumer.internals.ConsumerCoordinator.onJoinComplete(ConsumerCoordinator.java:228)
	at org.apache.kafka.clients.consumer.internals.AbstractCoordinator.joinGroupIfNeeded(AbstractCoordinator.java:313)
	at org.apache.kafka.clients.consumer.internals.AbstractCoordinator.ensureActiveGroup(AbstractCoordinator.java:277)
	at org.apache.kafka.clients.consumer.internals.ConsumerCoordinator.poll(ConsumerCoordinator.java:259)
	at org.apache.kafka.clients.consumer.KafkaConsumer.pollOnce(KafkaConsumer.java:1013)
	at org.apache.kafka.clients.consumer.KafkaConsumer.poll(KafkaConsumer.java:979)
	at org.apache.kafka.streams.processor.internals.StreamThread.runLoop(StreamThread.java:407)
	... 1 more
[2016-12-30 14:43:49 CET] WARN  StreamThread-5 MasterAggregator:131 - [Empatica E4] E4HeartRate is crashed
[2016-12-30 14:43:49 CET] INFO  StreamThread-5 MasterAggregator:133 - Forcing shutdown of Empatica E4
[2016-12-30 14:54:49 CET] INFO  Thread-15 RadarBackend:80 - SHUTTING DOWN
[2016-12-30 14:54:49 CET] INFO  Thread-15 MasterAggregator:91 - Shutting down all streams for Empatica E4
[2016-12-30 14:54:49 CET] INFO  Thread-15 MasterAggregator:120 - [Empatica E4] E4Acceleration is closed. 6 streams are still running
[2016-12-30 14:54:49 CET] INFO  Thread-15 MasterAggregator:120 - [Empatica E4] E4BatteryLevel is closed. 5 streams are still running
[2016-12-30 14:54:49 CET] INFO  Thread-15 MasterAggregator:120 - [Empatica E4] E4BloodVolumePulse is closed. 4 streams are still running
[2016-12-30 14:54:49 CET] INFO  Thread-15 MasterAggregator:120 - [Empatica E4] E4ElectroDermalActivity is closed. 3 streams are still running
[2016-12-30 14:54:49 CET] INFO  Thread-15 MasterAggregator:120 - [Empatica E4] E4HeartRate is closed. 2 streams are still running
[2016-12-30 14:54:49 CET] INFO  Thread-15 MasterAggregator:120 - [Empatica E4] E4InterBeatInterval is closed. 1 streams are still running
[2016-12-30 14:54:49 CET] INFO  Thread-15 MasterAggregator:118 - [Empatica E4] E4Temperature is closed. All streams have been terminated
[2016-12-30 14:54:49 CET] INFO  Thread-15 RadarBackend:84 - FINISHED
[2016-12-30 15:00:59 CET] INFO  main RadarConfig:180 - RadarConfig values: 
	session.length.ms = 10000
	topic.list.in = []

[2016-12-30 15:00:59 CET] INFO  main KafkaMonitor:72 - Monitoring streams [android_empatica_e4_battery_level]
[2016-12-30 15:26:24 CET] ERROR main RadarPropertyHandlerImpl:131 - User Log path does not exist
[2016-12-30 15:27:27 CET] ERROR main RadarPropertyHandlerImpl:131 - User Log path does not exist
[2016-12-30 15:39:15 CET] INFO  main RadarBackend:31 - Loading configuration
[2016-12-30 15:39:15 CET] INFO  main RadarBackend:39 - Configuration successfully updated
[2016-12-30 15:39:15 CET] INFO  main RadarBackend:40 - Settings{
  released=Sun Nov 27 01:00:00 CET 2016
  version='1.0'
  log_path='null'
  mode='standalone'
  zookeeper={
    radar-test.thehyve.net:2181
  }
  broker={
    radar-test.thehyve.net:9092
  }
  schema_registry={
    http://radar-test.thehyve.net:8081
  }
  auto_commit_interval_ms=1000
  session_timeout_ms=10000
  streams_priority={
    low=1 
    normal=2 
    high=4
  }
}
[2016-12-30 15:39:15 CET] INFO  main RadarBackend:68 - STARTING
[2016-12-30 15:39:15 CET] INFO  main MasterAggregator:47 - [Empatica E4] STANDALONE MODE
[2016-12-30 15:39:15 CET] INFO  main MasterAggregator:45 - If AUTO.CREATE.TOPICS.ENABLE is FALSE you must create the following topics before starting: 
  - android_empatica_e4_acceleration
  - android_empatica_e4_acceleration_output
  - android_empatica_e4_battery_level
  - android_empatica_e4_battery_level_output
  - android_empatica_e4_blood_volume_pulse
  - android_empatica_e4_blood_volume_pulse_output
  - android_empatica_e4_electrodermal_activity
  - android_empatica_e4_electrodermal_activity_output
  - android_empatica_e4_heartrate_output
  - android_empatica_e4_inter_beat_interval
  - android_empatica_e4_inter_beat_interval_output
  - android_empatica_e4_sensor_status
  - android_empatica_e4_sensor_status_output
  - android_empatica_e4_temperature
  - android_empatica_e4_temperature_output
[2016-12-30 15:39:17 CET] INFO  main MasterAggregator:62 - Creating MasterAggregator instance for Empatica E4
[2016-12-30 15:39:17 CET] INFO  main MasterAggregator:84 - Starting all streams for Empatica E4
[2016-12-30 15:39:17 CET] INFO  E4Acceleration MasterAggregator:105 - [Empatica E4] E4Acceleration is started. 1/7 streams are now running
[2016-12-30 15:39:17 CET] INFO  E4BatteryLevel MasterAggregator:105 - [Empatica E4] E4BatteryLevel is started. 2/7 streams are now running
[2016-12-30 15:39:17 CET] INFO  E4BloodVolumePulse MasterAggregator:105 - [Empatica E4] E4BloodVolumePulse is started. 3/7 streams are now running
[2016-12-30 15:39:17 CET] INFO  E4ElectroDermalActivity MasterAggregator:105 - [Empatica E4] E4ElectroDermalActivity is started. 4/7 streams are now running
[2016-12-30 15:39:17 CET] INFO  E4HeartRate MasterAggregator:105 - [Empatica E4] E4HeartRate is started. 5/7 streams are now running
[2016-12-30 15:39:17 CET] INFO  main RadarBackend:72 - STARTED
[2016-12-30 15:39:17 CET] INFO  E4InterBeatInterval MasterAggregator:105 - [Empatica E4] E4InterBeatInterval is started. 6/7 streams are now running
[2016-12-30 15:39:17 CET] INFO  E4Temperature MasterAggregator:105 - [Empatica E4] E4Temperature is started. 7/7 streams are now running
[2016-12-30 15:41:29 CET] INFO  Thread-15 RadarBackend:80 - SHUTTING DOWN
[2016-12-30 15:41:29 CET] INFO  Thread-15 MasterAggregator:91 - Shutting down all streams for Empatica E4
[2016-12-30 15:41:29 CET] INFO  Thread-15 MasterAggregator:120 - [Empatica E4] E4Acceleration is closed. 6 streams are still running
[2016-12-30 15:41:29 CET] INFO  Thread-15 MasterAggregator:120 - [Empatica E4] E4BatteryLevel is closed. 5 streams are still running
[2016-12-30 15:41:29 CET] INFO  Thread-15 MasterAggregator:120 - [Empatica E4] E4BloodVolumePulse is closed. 4 streams are still running
[2016-12-30 15:41:29 CET] INFO  Thread-15 MasterAggregator:120 - [Empatica E4] E4ElectroDermalActivity is closed. 3 streams are still running
[2016-12-30 15:41:29 CET] INFO  Thread-15 MasterAggregator:120 - [Empatica E4] E4HeartRate is closed. 2 streams are still running
[2016-12-30 15:41:29 CET] INFO  Thread-15 MasterAggregator:120 - [Empatica E4] E4InterBeatInterval is closed. 1 streams are still running
[2016-12-30 15:41:29 CET] INFO  Thread-15 MasterAggregator:118 - [Empatica E4] E4Temperature is closed. All streams have been terminated
[2016-12-30 15:41:29 CET] INFO  Thread-15 RadarBackend:84 - FINISHED
[2017-01-02 11:34:39 CET] INFO  main RadarBackend:31 - Loading configuration
[2017-01-02 11:35:46 CET] INFO  main RadarBackend:31 - Loading configuration
[2017-01-02 11:37:55 CET] INFO  main RadarBackend:31 - Loading configuration
[2017-01-02 11:40:11 CET] INFO  main RadarBackend:31 - Loading configuration
[2017-01-02 11:42:50 CET] INFO  main RadarBackend:31 - Loading configuration
[2017-01-02 11:45:52 CET] ERROR main RadarPropertyHandlerImpl:131 - User Log path does not exist
